<?xml version="1.0" encoding="UTF-8"?>
<!-- Generated by org.testng.reporters.JUnitReportReporter -->
<testsuite skipped="0" hostname="Keerthana" name="MkStmt.MakeStatement.testNGDemo" tests="2" failures="0" timestamp="19 Aug 2018 11:41:20 GMT" time="0.009" errors="0">
  <testcase name="addPayee" time="0.006" classname="MkStmt.MakeStatement.testNGDemo"/>
  <testcase name="payBill" time="0.003" classname="MkStmt.MakeStatement.testNGDemo"/>
</testsuite> <!-- MkStmt.MakeStatement.testNGDemo -->
