<?xml version="1.0" encoding="UTF-8"?>
<!-- Generated by org.testng.reporters.JUnitReportReporter -->
<testsuite skipped="0" hostname="Keerthana" name="MkStmt.MakeStatement.PriorityTestNG" tests="4" failures="0" timestamp="17 Aug 2018 19:52:23 GMT" time="0.010" errors="0">
  <testcase name="login" time="0.002" classname="MkStmt.MakeStatement.PriorityTestNG"/>
  <testcase name="addPayee" time="0.007" classname="MkStmt.MakeStatement.PriorityTestNG"/>
  <testcase name="payBill" time="0.000" classname="MkStmt.MakeStatement.PriorityTestNG"/>
  <testcase name="logout" time="0.001" classname="MkStmt.MakeStatement.PriorityTestNG"/>
</testsuite> <!-- MkStmt.MakeStatement.PriorityTestNG -->
