<?xml version="1.0" encoding="UTF-8"?>
<!-- Generated by org.testng.reporters.JUnitReportReporter -->
<testsuite skipped="0" hostname="Keerthana" name="MkStmt.MakeStatement.Hello" tests="1" failures="0" timestamp="18 Aug 2018 17:29:57 GMT" time="0.015" errors="0">
  <testcase name="addPayee" time="0.015" classname="MkStmt.MakeStatement.Hello"/>
</testsuite> <!-- MkStmt.MakeStatement.Hello -->
