<?xml version="1.0" encoding="UTF-8"?>
<!-- Generated by org.testng.reporters.JUnitReportReporter -->
<testsuite skipped="0" hostname="Keerthana" name="MkStmt.MakeStatement.TestNG" tests="1" failures="0" timestamp="16 Aug 2018 22:14:47 GMT" time="0.008" errors="0">
  <testcase name="LaunchURL" time="0.008" classname="MkStmt.MakeStatement.TestNG"/>
</testsuite> <!-- MkStmt.MakeStatement.TestNG -->
