<?xml version="1.0" encoding="UTF-8"?>
<!-- Generated by org.testng.reporters.JUnitReportReporter -->
<testsuite skipped="0" hostname="Keerthana" name="jenkins.LoginTest" tests="1" failures="0" timestamp="05 Sep 2018 17:20:45 GMT" time="12.913" errors="0">
  <testcase name="verifyValidLogin" time="12.913" classname="jenkins.LoginTest"/>
</testsuite> <!-- jenkins.LoginTest -->
