<?xml version="1.0" encoding="UTF-8"?>
<!-- Generated by org.testng.reporters.JUnitReportReporter -->
<testsuite hostname="Keerthana" name="com.selenium.Calendar" tests="1" failures="0" timestamp="7 Sep 2018 22:36:38 GMT" time="7.462" errors="0">
  <testcase name="xtra" time="7.462" classname="com.selenium.Calendar"/>
</testsuite> <!-- com.selenium.Calendar -->
