<?xml version="1.0" encoding="UTF-8"?>
<!-- Generated by org.testng.reporters.JUnitReportReporter -->
<testsuite skipped="0" hostname="Keerthana" name="LrnFramework.jdbcexample.JDBCConnect" tests="1" failures="0" timestamp="25 Aug 2018 15:30:11 GMT" time="0.454" errors="0">
  <testcase name="script" time="0.454" classname="LrnFramework.jdbcexample.JDBCConnect"/>
</testsuite> <!-- LrnFramework.jdbcexample.JDBCConnect -->
