<?xml version="1.0" encoding="UTF-8"?>
<!-- Generated by org.testng.reporters.JUnitReportReporter -->
<testsuite skipped="0" hostname="Keerthana" name="LearnMaven.LrnMvn.ExtentReportDemo" tests="1" failures="0" timestamp="25 Aug 2018 18:35:01 GMT" time="0.392" errors="0">
  <testcase name="loginTest" time="0.392" classname="LearnMaven.LrnMvn.ExtentReportDemo"/>
</testsuite> <!-- LearnMaven.LrnMvn.ExtentReportDemo -->
