<?xml version="1.0" encoding="UTF-8"?>
<!-- Generated by org.testng.reporters.JUnitReportReporter -->
<testsuite skipped="0" hostname="Keerthana" name="com.wordpress.tests.UpdatingProfileTest" tests="1" failures="0" timestamp="26 Aug 2018 16:03:26 GMT" time="11.444" errors="0">
  <testcase name="updateProfile" time="11.444" classname="com.wordpress.tests.UpdatingProfileTest"/>
</testsuite> <!-- com.wordpress.tests.UpdatingProfileTest -->
