<?xml version="1.0" encoding="UTF-8"?>
<!-- Generated by org.testng.reporters.JUnitReportReporter -->
<testsuite skipped="0" hostname="Keerthana" name="com.wordpress.factorytests.LoginFactoryTest" tests="1" failures="0" timestamp="26 Aug 2018 18:04:47 GMT" time="18.940" errors="0">
  <testcase name="verifyLogin" time="18.940" classname="com.wordpress.factorytests.LoginFactoryTest"/>
</testsuite> <!-- com.wordpress.factorytests.LoginFactoryTest -->
