<?xml version="1.0" encoding="UTF-8"?>
<!-- Generated by org.testng.reporters.JUnitReportReporter -->
<testsuite skipped="0" hostname="Keerthana" name="packageNew.Slider" tests="1" failures="0" timestamp="08 Sep 2018 00:35:20 GMT" time="7.175" errors="0">
  <testcase name="xtraSlider" time="7.175" classname="packageNew.Slider"/>
</testsuite> <!-- packageNew.Slider -->
